<?xml version="1.0" encoding="UTF-8"?>
<robot generator="Robot 5.0 (Python 3.10.3 on win32)" generated="20220512 10:21:53.768" rpa="false" schemaversion="3">
<suite id="s1" name="Verify Invalid Credential Suite" source="C:\Users\kavit\Downloads\robot_project\project_democart\1.4 login_suite\verify_invalid_credential_suite.robot">
<test id="s1-t1" name="TC1" line="13">
<kw name="Launch Browser" library="common_functionality" type="SETUP">
<kw name="Append To Environment Variable" library="OperatingSystem">
<arg>path</arg>
<arg>${EXECDIR}${/}driver</arg>
<doc>Appends given ``values`` to environment variable ``name``.</doc>
<msg timestamp="20220512 10:21:54.409" level="INFO">Environment variable 'path' set to value 'C:\Program Files\Common Files\Oracle\Java\javapath;C:\windows\system32;C:\windows;C:\windows\System32\Wbem;C:\windows\System32\WindowsPowerShell\v1.0\;C:\windows\System32\OpenSSH\;C:\Program Files (x86)\NVIDIA Corporation\PhysX\Common;C:\Program Files\NVIDIA Corporation\NVIDIA NvDLISR;C:\MinGW\mingw32\bin;C:\MinGW\mingw32\bin;C:\Users\kavit\AppData\Local\Programs\Microsoft VS Code\MinGW\mingw32\bin;C:\Users\kavit\AppData\Local\Programs\Microsoft VS Code\MinGW\bin;C:\Program Files\Git\cmd;C;C:\Program Files\MySQL\MySQL Server 8.0\bin;C:\Users\kavit\AppData\Local\Programs\Python\Python310;C:\Users\kavit\AppData\Local\Programs\Python\Python310\Scripts;C:\Users\kavit\AppData\Local\Programs\Python\Python310;C:\Users\kavit\AppData\Local\Programs\Python\Python310\Scripts;C:\Users\kavit\AppData\Local\Programs\Python\Python310\Scripts\;C:\Users\kavit\AppData\Local\Programs\Python\Python310\;C:\Program Files\MySQL\MySQL Shell 8.0\bin\;C:\Users\kavit\AppData\Local\Microsoft\WindowsApps;C:\Users\kavit\AppData\Local\Programs\Microsoft VS Code\bin;C:\MinGW\bin;C:\Program Files\Cppcheck;;C:\Program Files\JetBrains\PyCharm Community Edition 2022.1\bin;;C:\Users\kavit\Downloads\robot_project\project_democart\driver'.</msg>
<status status="PASS" starttime="20220512 10:21:54.409" endtime="20220512 10:21:54.409"/>
</kw>
<kw name="Open Browser" library="SeleniumLibrary">
<arg>browser=${BROWSER}</arg>
<doc>Opens a new browser instance to the optional ``url``.</doc>
<msg timestamp="20220512 10:21:54.410" level="INFO">Opening browser 'chrome' to base url 'None'.</msg>
<status status="PASS" starttime="20220512 10:21:54.410" endtime="20220512 10:21:55.529"/>
</kw>
<kw name="Maximize Browser Window" library="SeleniumLibrary">
<doc>Maximizes current browser window.</doc>
<status status="PASS" starttime="20220512 10:21:55.529" endtime="20220512 10:21:55.645"/>
</kw>
<kw name="Set Selenium Implicit Wait" library="SeleniumLibrary">
<arg>30s</arg>
<doc>Sets the implicit wait value used by Selenium.</doc>
<status status="PASS" starttime="20220512 10:21:55.645" endtime="20220512 10:21:55.646"/>
</kw>
<kw name="Set Screenshot Directory" library="SeleniumLibrary">
<arg>${EXECDIR}${/}screenshot</arg>
<doc>Sets the directory for captured screenshots.</doc>
<status status="PASS" starttime="20220512 10:21:55.646" endtime="20220512 10:21:55.647"/>
</kw>
<kw name="Go To" library="SeleniumLibrary">
<arg>url=https://demo.opencart.com/</arg>
<doc>Navigates the current browser window to the provided ``url``.</doc>
<msg timestamp="20220512 10:21:55.647" level="INFO">Opening url 'https://demo.opencart.com/'</msg>
<status status="PASS" starttime="20220512 10:21:55.647" endtime="20220512 10:21:57.701"/>
</kw>
<status status="PASS" starttime="20220512 10:21:54.409" endtime="20220512 10:21:57.701"/>
</kw>
<kw name="valid Credential Template">
<arg>kedi0717@gmail.com</arg>
<arg>kavi123</arg>
<kw name="Click Element" library="SeleniumLibrary">
<arg>xpath=//a[@title='My Account']</arg>
<doc>Click the element identified by ``locator``.</doc>
<msg timestamp="20220512 10:21:57.702" level="INFO">Clicking element 'xpath=//a[@title='My Account']'.</msg>
<status status="PASS" starttime="20220512 10:21:57.702" endtime="20220512 10:21:57.742"/>
</kw>
<kw name="Click Element" library="SeleniumLibrary">
<arg>link=Login</arg>
<doc>Click the element identified by ``locator``.</doc>
<msg timestamp="20220512 10:21:57.743" level="INFO">Clicking element 'link=Login'.</msg>
<status status="PASS" starttime="20220512 10:21:57.742" endtime="20220512 10:21:58.982"/>
</kw>
<kw name="Input Text" library="SeleniumLibrary">
<arg>id=input-email</arg>
<arg>${email_id}</arg>
<doc>Types the given ``text`` into the text field identified by ``locator``.</doc>
<msg timestamp="20220512 10:21:58.982" level="INFO">Typing text 'kedi0717@gmail.com' into text field 'id=input-email'.</msg>
<status status="PASS" starttime="20220512 10:21:58.982" endtime="20220512 10:21:59.043"/>
</kw>
<kw name="Input Text" library="SeleniumLibrary">
<arg>id=input-password</arg>
<arg>${password}</arg>
<doc>Types the given ``text`` into the text field identified by ``locator``.</doc>
<msg timestamp="20220512 10:21:59.043" level="INFO">Typing text 'kavi123' into text field 'id=input-password'.</msg>
<status status="PASS" starttime="20220512 10:21:59.043" endtime="20220512 10:21:59.093"/>
</kw>
<kw name="Click Element" library="SeleniumLibrary">
<arg>xpath=//input[@type='submit']</arg>
<doc>Click the element identified by ``locator``.</doc>
<msg timestamp="20220512 10:21:59.093" level="INFO">Clicking element 'xpath=//input[@type='submit']'.</msg>
<status status="PASS" starttime="20220512 10:21:59.093" endtime="20220512 10:22:01.443"/>
</kw>
<status status="PASS" starttime="20220512 10:21:57.701" endtime="20220512 10:22:01.443"/>
</kw>
<status status="PASS" starttime="20220512 10:21:54.408" endtime="20220512 10:22:01.443"/>
</test>
<test id="s1-t2" name="TC1" line="13">
<kw name="Launch Browser" library="common_functionality" type="SETUP">
<kw name="Append To Environment Variable" library="OperatingSystem">
<arg>path</arg>
<arg>${EXECDIR}${/}driver</arg>
<doc>Appends given ``values`` to environment variable ``name``.</doc>
<msg timestamp="20220512 10:22:01.445" level="INFO">Environment variable 'path' set to value 'C:\Program Files\Common Files\Oracle\Java\javapath;C:\windows\system32;C:\windows;C:\windows\System32\Wbem;C:\windows\System32\WindowsPowerShell\v1.0\;C:\windows\System32\OpenSSH\;C:\Program Files (x86)\NVIDIA Corporation\PhysX\Common;C:\Program Files\NVIDIA Corporation\NVIDIA NvDLISR;C:\MinGW\mingw32\bin;C:\MinGW\mingw32\bin;C:\Users\kavit\AppData\Local\Programs\Microsoft VS Code\MinGW\mingw32\bin;C:\Users\kavit\AppData\Local\Programs\Microsoft VS Code\MinGW\bin;C:\Program Files\Git\cmd;C;C:\Program Files\MySQL\MySQL Server 8.0\bin;C:\Users\kavit\AppData\Local\Programs\Python\Python310;C:\Users\kavit\AppData\Local\Programs\Python\Python310\Scripts;C:\Users\kavit\AppData\Local\Programs\Python\Python310;C:\Users\kavit\AppData\Local\Programs\Python\Python310\Scripts;C:\Users\kavit\AppData\Local\Programs\Python\Python310\Scripts\;C:\Users\kavit\AppData\Local\Programs\Python\Python310\;C:\Program Files\MySQL\MySQL Shell 8.0\bin\;C:\Users\kavit\AppData\Local\Microsoft\WindowsApps;C:\Users\kavit\AppData\Local\Programs\Microsoft VS Code\bin;C:\MinGW\bin;C:\Program Files\Cppcheck;;C:\Program Files\JetBrains\PyCharm Community Edition 2022.1\bin;;C:\Users\kavit\Downloads\robot_project\project_democart\driver;C:\Users\kavit\Downloads\robot_project\project_democart\driver'.</msg>
<status status="PASS" starttime="20220512 10:22:01.445" endtime="20220512 10:22:01.445"/>
</kw>
<kw name="Open Browser" library="SeleniumLibrary">
<arg>browser=${BROWSER}</arg>
<doc>Opens a new browser instance to the optional ``url``.</doc>
<msg timestamp="20220512 10:22:01.446" level="INFO">Opening browser 'chrome' to base url 'None'.</msg>
<status status="PASS" starttime="20220512 10:22:01.446" endtime="20220512 10:22:02.534"/>
</kw>
<kw name="Maximize Browser Window" library="SeleniumLibrary">
<doc>Maximizes current browser window.</doc>
<status status="PASS" starttime="20220512 10:22:02.534" endtime="20220512 10:22:02.654"/>
</kw>
<kw name="Set Selenium Implicit Wait" library="SeleniumLibrary">
<arg>30s</arg>
<doc>Sets the implicit wait value used by Selenium.</doc>
<status status="PASS" starttime="20220512 10:22:02.654" endtime="20220512 10:22:02.656"/>
</kw>
<kw name="Set Screenshot Directory" library="SeleniumLibrary">
<arg>${EXECDIR}${/}screenshot</arg>
<doc>Sets the directory for captured screenshots.</doc>
<status status="PASS" starttime="20220512 10:22:02.656" endtime="20220512 10:22:02.656"/>
</kw>
<kw name="Go To" library="SeleniumLibrary">
<arg>url=https://demo.opencart.com/</arg>
<doc>Navigates the current browser window to the provided ``url``.</doc>
<msg timestamp="20220512 10:22:02.657" level="INFO">Opening url 'https://demo.opencart.com/'</msg>
<status status="PASS" starttime="20220512 10:22:02.656" endtime="20220512 10:22:04.885"/>
</kw>
<status status="PASS" starttime="20220512 10:22:01.445" endtime="20220512 10:22:04.885"/>
</kw>
<kw name="valid Credential Template">
<arg>kaviarasu1705@gmail.com</arg>
<arg>kavi111</arg>
<kw name="Click Element" library="SeleniumLibrary">
<arg>xpath=//a[@title='My Account']</arg>
<doc>Click the element identified by ``locator``.</doc>
<msg timestamp="20220512 10:22:04.885" level="INFO">Clicking element 'xpath=//a[@title='My Account']'.</msg>
<status status="PASS" starttime="20220512 10:22:04.885" endtime="20220512 10:22:04.919"/>
</kw>
<kw name="Click Element" library="SeleniumLibrary">
<arg>link=Login</arg>
<doc>Click the element identified by ``locator``.</doc>
<msg timestamp="20220512 10:22:04.919" level="INFO">Clicking element 'link=Login'.</msg>
<status status="PASS" starttime="20220512 10:22:04.919" endtime="20220512 10:22:06.683"/>
</kw>
<kw name="Input Text" library="SeleniumLibrary">
<arg>id=input-email</arg>
<arg>${email_id}</arg>
<doc>Types the given ``text`` into the text field identified by ``locator``.</doc>
<msg timestamp="20220512 10:22:06.683" level="INFO">Typing text 'kaviarasu1705@gmail.com' into text field 'id=input-email'.</msg>
<status status="PASS" starttime="20220512 10:22:06.683" endtime="20220512 10:22:06.752"/>
</kw>
<kw name="Input Text" library="SeleniumLibrary">
<arg>id=input-password</arg>
<arg>${password}</arg>
<doc>Types the given ``text`` into the text field identified by ``locator``.</doc>
<msg timestamp="20220512 10:22:06.753" level="INFO">Typing text 'kavi111' into text field 'id=input-password'.</msg>
<status status="PASS" starttime="20220512 10:22:06.753" endtime="20220512 10:22:06.802"/>
</kw>
<kw name="Click Element" library="SeleniumLibrary">
<arg>xpath=//input[@type='submit']</arg>
<doc>Click the element identified by ``locator``.</doc>
<msg timestamp="20220512 10:22:06.802" level="INFO">Clicking element 'xpath=//input[@type='submit']'.</msg>
<status status="PASS" starttime="20220512 10:22:06.802" endtime="20220512 10:22:09.360"/>
</kw>
<status status="PASS" starttime="20220512 10:22:04.885" endtime="20220512 10:22:09.360"/>
</kw>
<status status="PASS" starttime="20220512 10:22:01.444" endtime="20220512 10:22:09.360"/>
</test>
<doc>This suite will handle invalid credential
test - TC_OH_2</doc>
<status status="PASS" starttime="20220512 10:21:53.770" endtime="20220512 10:22:09.361"/>
</suite>
<statistics>
<total>
<stat pass="2" fail="0" skip="0">All Tests</stat>
</total>
<tag>
</tag>
<suite>
<stat pass="2" fail="0" skip="0" id="s1" name="Verify Invalid Credential Suite">Verify Invalid Credential Suite</stat>
</suite>
</statistics>
<errors>
<msg timestamp="20220512 10:22:01.444" level="WARN">Multiple tests with name 'TC1' executed in suite 'Verify Invalid Credential Suite'.</msg>
</errors>
</robot>
